<?xml version="1.0" encoding="UTF-8"?>
<!-- Generated by org.testng.reporters.JUnitReportReporter -->
<testsuite skipped="0" hostname="DESKTOP-8G3MUB9" name="Test.Test1" tests="1" failures="0" timestamp="07 Jul 2021 05:04:18 GMT" time="20.109" errors="0">
  <testcase name="runScenario" time="20.109" classname="Test.Test1"/>
</testsuite> <!-- Test.Test1 -->
