<?xml version="1.0" encoding="UTF-8"?>
<!-- Generated by org.testng.reporters.JUnitReportReporter -->
<testsuite skipped="0" hostname="DESKTOP-8G3MUB9" name="Testsuit.webtoleadformtest" tests="1" failures="0" timestamp="2021-08-05T08:40:00 IST" time="15.513" errors="0">
  <testcase name="runScenario" time="15.513" classname="Testsuit.webtoleadformtest"/>
  <system-out/>
</testsuite> <!-- Testsuit.webtoleadformtest -->
