<?xml version="1.0" encoding="UTF-8"?>
<!-- Generated by org.testng.reporters.JUnitReportReporter -->
<testsuite skipped="6" hostname="DESKTOP-8G3MUB9" name="Testsuit.leadTest" tests="6" failures="0" timestamp="2021-08-06T11:29:35 IST" time="0.000" errors="0">
  <testcase name="runScenario" time="0.000" classname="Testsuit.leadTest">
    <skipped/>
  </testcase> <!-- runScenario -->
  <system-out/>
  <testcase name="runScenario" time="0.000" classname="Testsuit.leadTest">
    <skipped/>
  </testcase> <!-- runScenario -->
  <system-out/>
  <testcase name="runScenario" time="0.000" classname="Testsuit.leadTest">
    <skipped/>
  </testcase> <!-- runScenario -->
  <system-out/>
  <testcase name="runScenario" time="0.000" classname="Testsuit.leadTest">
    <skipped/>
  </testcase> <!-- runScenario -->
  <system-out/>
  <testcase name="runScenario" time="0.000" classname="Testsuit.leadTest">
    <skipped/>
  </testcase> <!-- runScenario -->
  <system-out/>
  <testcase name="runScenario" time="0.000" classname="Testsuit.leadTest">
    <skipped/>
  </testcase> <!-- runScenario -->
  <system-out/>
</testsuite> <!-- Testsuit.leadTest -->
