<?xml version="1.0" encoding="UTF-8"?>
<!-- Generated by org.testng.reporters.JUnitReportReporter -->
<testsuite skipped="0" hostname="DESKTOP-8G3MUB9" name="Testsuit.leadTest" tests="6" failures="0" timestamp="2021-08-05T08:40:00 IST" time="105.879" errors="0">
  <testcase name="runScenario" time="8.942" classname="Testsuit.leadTest"/>
  <system-out/>
  <testcase name="runScenario" time="25.206" classname="Testsuit.leadTest"/>
  <system-out/>
  <testcase name="runScenario" time="6.223" classname="Testsuit.leadTest"/>
  <system-out/>
  <testcase name="runScenario" time="16.607" classname="Testsuit.leadTest"/>
  <system-out/>
  <testcase name="runScenario" time="24.382" classname="Testsuit.leadTest"/>
  <system-out/>
  <testcase name="runScenario" time="24.519" classname="Testsuit.leadTest"/>
  <system-out/>
</testsuite> <!-- Testsuit.leadTest -->
