<?xml version="1.0" encoding="UTF-8"?>
<!-- Generated by org.testng.reporters.JUnitReportReporter -->
<testsuite skipped="0" hostname="DESKTOP-8G3MUB9" name="Testsuit.dropdowntest" tests="2" failures="0" timestamp="2021-08-05T08:40:00 IST" time="63.894" errors="0">
  <testcase name="runScenario" time="63.875" classname="Testsuit.dropdowntest"/>
  <system-out/>
  <testcase name="runScenario" time="0.019" classname="Testsuit.dropdowntest"/>
  <system-out/>
</testsuite> <!-- Testsuit.dropdowntest -->
