<?xml version="1.0" encoding="UTF-8"?>
<!-- Generated by org.testng.reporters.JUnitReportReporter -->
<testsuite skipped="0" hostname="DESKTOP-8G3MUB9" name="testsuite.Test1" tests="1" failures="0" timestamp="08 Jul 2021 10:13:47 GMT" time="108.291" errors="0">
  <testcase name="runScenario" time="108.291" classname="testsuite.Test1"/>
</testsuite> <!-- testsuite.Test1 -->
