<?xml version="1.0" encoding="UTF-8"?>
<!-- Generated by org.testng.reporters.JUnitReportReporter -->
<testsuite skipped="0" hostname="DESKTOP-8G3MUB9" name="Testsuit.webtoleadtest" tests="6" failures="0" timestamp="2021-08-05T08:40:00 IST" time="276.626" errors="0">
  <testcase name="runScenario" time="56.585" classname="Testsuit.webtoleadtest"/>
  <system-out/>
  <testcase name="runScenario" time="58.588" classname="Testsuit.webtoleadtest"/>
  <system-out/>
  <testcase name="runScenario" time="57.773" classname="Testsuit.webtoleadtest"/>
  <system-out/>
  <testcase name="runScenario" time="27.590" classname="Testsuit.webtoleadtest"/>
  <system-out/>
  <testcase name="runScenario" time="10.581" classname="Testsuit.webtoleadtest"/>
  <system-out/>
  <testcase name="runScenario" time="65.509" classname="Testsuit.webtoleadtest"/>
  <system-out/>
</testsuite> <!-- Testsuit.webtoleadtest -->
