<?xml version="1.0" encoding="UTF-8"?>
<!-- Generated by org.testng.reporters.JUnitReportReporter -->
<testsuite skipped="0" hostname="DESKTOP-8G3MUB9" name="Testsuit.webtoleadtest" tests="6" failures="0" timestamp="2021-08-06T11:05:54 IST" time="276.970" errors="0">
  <testcase name="runScenario" time="58.917" classname="Testsuit.webtoleadtest"/>
  <system-out/>
  <testcase name="runScenario" time="65.938" classname="Testsuit.webtoleadtest"/>
  <system-out/>
  <testcase name="runScenario" time="58.655" classname="Testsuit.webtoleadtest"/>
  <system-out/>
  <testcase name="runScenario" time="10.513" classname="Testsuit.webtoleadtest"/>
  <system-out/>
  <testcase name="runScenario" time="56.124" classname="Testsuit.webtoleadtest"/>
  <system-out/>
  <testcase name="runScenario" time="26.823" classname="Testsuit.webtoleadtest"/>
  <system-out/>
</testsuite> <!-- Testsuit.webtoleadtest -->
